asim +access +rw $UVMSIM vw_wd_g2u_top +UVM_TESTNAME=vw_wd_g2u_test +UVM_VERBOSITY=UVM_HIGH
# ELBREAD: Elaboration process.
# ELBREAD: Warning: Module 'vw_wd_g2u_if' does not have a `timescale directive, but previous modules do.
# ELBREAD: Warning: Module 'sprot' does not have a `timescale directive, but previous modules do.
# ELBREAD: Warning: Package 'uvm_pkg' does not have a `timescale directive, but previous modules do.
# ELBREAD: Warning: Package 'vw_go2uvm_pkg' does not have a `timescale directive, but previous modules do.
# ELBREAD: Warning: Package 'sprot_pkg' does not have a `timescale directive, but previous modules do.
# ELBREAD: Warning: Package 'std' does not have a `timescale directive, but previous modules do.
# ELBREAD: Elaboration time 0.7 [s].
# KERNEL: Main thread initiated.
# KERNEL: Kernel process initialization phase.
# KERNEL: Time resolution set to 1ns.
# ELAB2: Elaboration final pass...
# KERNEL: PLI/VHPI kernel's engine initialization done.
# PLI: Loading library '/home/student/tools/eda/RVRA_2015.10/bin/libsystf.so'
# KERNEL: Info: Loading library:  /home/student/tools/eda/RVRA_2015.10/bin/uvm_1_1d_dpi
# ELAB2: Create instances ...
# ELAB2: Create instances complete.
# SLP: Started
# SLP: Elaboration phase ...
# SLP: Elaboration phase ... done : 0.0 [s]
# SLP: Generation phase ...
# SLP: Generation phase ... done : 0.1 [s]
# SLP: Finished : 0.1 [s]
# SLP: 0 primitives and 4 (66.67%) other processes in SLP
# SLP: 13 (0.05%) signals in SLP and 33 (0.12%) interface signals
# ELAB2: Elaboration final pass complete - time: 1.8 [s].
# KERNEL: SLP loading done - time: 0.0 [s].
# KERNEL: SLP simulation initialization done - time: 0.0 [s].
# KERNEL: Kernel process initialization done.
# Allocation: Simulator allocated 45271 kB (elbread=22645 elab2=20270 kernel=2355 sdf=0)
# KERNEL: ----------------------------------------------------------------
# KERNEL: UVM-1.1  d
# KERNEL: (C) 2007-2013 Mentor Graphics Corporation
# KERNEL: (C) 2007-2013 Cadence Design Systems, Inc.
# KERNEL: (C) 2006-2013 Synopsys, Inc.
# KERNEL: (C) 2011-2013 Cypress Semiconductor Corp.
# KERNEL: ----------------------------------------------------------------
# KERNEL: 
# KERNEL:   ***********       IMPORTANT RELEASE NOTES         ************
# KERNEL: 
# KERNEL:   You are using a version of the UVM library that has been compiled
# KERNEL:   with `UVM_NO_DEPRECATED undefined.
# KERNEL:   See http://www.eda.org/svdb/view.php?id=3313 for more details.
# KERNEL: 
# KERNEL:   You are using a version of the UVM library that has been compiled
# KERNEL:   with `UVM_OBJECT_MUST_HAVE_CONSTRUCTOR undefined.
# KERNEL:   See http://www.eda.org/svdb/view.php?id=3770 for more details.
# KERNEL: 
# KERNEL:       (Specify +UVM_NO_RELNOTES to turn off this notice)
# KERNEL: 
# KERNEL: Assertion failures tracking enabled, report enabled, unlimited, action Continue. Assertion passes tracking enabled, report disabled, unlimited.
# KERNEL: ASDB file was created in location /home/student/Manasa1/GO2UVM/VW_Waves_2_UVM_app3/run_dir/dataset.asdb
run -all 
# KERNEL: UVM_INFO @ 0.00 ns: reporter [RNTST] Running test vw_wd_g2u_test...
# KERNEL: UVM_INFO /home/student/Manasa1/GO2UVM/VW_Waves_2_UVM_app3/run_dir/vw_wd_g2u_test.sv(21) @ 0.00 ns: go2uvm_test [go2uvm_test] Successfully hooked up virtual interface
# KERNEL: UVM_INFO /home/student/Manasa1/GO2UVM/VW_Waves_2_UVM_app3/run_dir/vw_wd_g2u_test.sv(21) @ 0.00 ns: uvm_test_top [uvm_test_top] Successfully hooked up virtual interface
# KERNEL: UVM_INFO /home/student/Manasa1/GO2UVM/VW_Waves_2_UVM_app3/run_dir/vw_wd_g2u_test.sv(26) @ 0.00 ns: uvm_test_top [uvm_test_top] Start of reset
# KERNEL: UVM_INFO /home/student/Manasa1/GO2UVM/VW_Waves_2_UVM_app3/run_dir/vw_wd_g2u_test.sv(27) @ 0.00 ns: uvm_test_top [uvm_test_top] Fill in your reset logic here 
# KERNEL: UVM_INFO /home/student/Manasa1/GO2UVM/VW_Waves_2_UVM_app3/run_dir/vw_wd_g2u_test.sv(32) @ 0.00 ns: uvm_test_top [uvm_test_top] End of reset
# KERNEL: UVM_INFO /home/student/Manasa1/GO2UVM/VW_Waves_2_UVM_app3/run_dir/vw_wd_g2u_test.sv(26) @ 0.00 ns: go2uvm_test [go2uvm_test] Start of reset
# KERNEL: UVM_INFO /home/student/Manasa1/GO2UVM/VW_Waves_2_UVM_app3/run_dir/vw_wd_g2u_test.sv(27) @ 0.00 ns: go2uvm_test [go2uvm_test] Fill in your reset logic here 
# KERNEL: UVM_INFO /home/student/Manasa1/GO2UVM/VW_Waves_2_UVM_app3/run_dir/vw_wd_g2u_test.sv(32) @ 0.00 ns: go2uvm_test [go2uvm_test] End of reset
# KERNEL: UVM_INFO @ 0.00 ns: uvm_test_top [uvm_test_top] Driving stimulus via UVM
# KERNEL: UVM_INFO /home/student/Manasa1/GO2UVM/VW_Waves_2_UVM_app3/run_dir/vw_wd_g2u_test.sv(143) @ 0.00 ns: uvm_test_top [uvm_test_top] Start of main
# KERNEL: UVM_INFO /home/student/Manasa1/GO2UVM/VW_Waves_2_UVM_app3/run_dir/vw_wd_g2u_test.sv(35) @ 0.00 ns: uvm_test_top [uvm_test_top] Driving signal: rst_n
# KERNEL: UVM_INFO /home/student/Manasa1/GO2UVM/VW_Waves_2_UVM_app3/run_dir/vw_wd_g2u_test.sv(62) @ 0.00 ns: uvm_test_top [uvm_test_top] Driving signal: start
# KERNEL: UVM_INFO /home/student/Manasa1/GO2UVM/VW_Waves_2_UVM_app3/run_dir/vw_wd_g2u_test.sv(89) @ 0.00 ns: uvm_test_top [uvm_test_top] Driving signal: a
# KERNEL: UVM_INFO /home/student/Manasa1/GO2UVM/VW_Waves_2_UVM_app3/run_dir/vw_wd_g2u_test.sv(116) @ 0.00 ns: uvm_test_top [uvm_test_top] Driving signal: b
# KERNEL: UVM_INFO @ 0.00 ns: go2uvm_test [go2uvm_test] Driving stimulus via UVM
# KERNEL: UVM_INFO /home/student/Manasa1/GO2UVM/VW_Waves_2_UVM_app3/run_dir/vw_wd_g2u_test.sv(143) @ 0.00 ns: go2uvm_test [go2uvm_test] Start of main
# KERNEL: UVM_INFO /home/student/Manasa1/GO2UVM/VW_Waves_2_UVM_app3/run_dir/vw_wd_g2u_test.sv(35) @ 0.00 ns: go2uvm_test [go2uvm_test] Driving signal: rst_n
# KERNEL: UVM_INFO /home/student/Manasa1/GO2UVM/VW_Waves_2_UVM_app3/run_dir/vw_wd_g2u_test.sv(62) @ 0.00 ns: go2uvm_test [go2uvm_test] Driving signal: start
# KERNEL: UVM_INFO /home/student/Manasa1/GO2UVM/VW_Waves_2_UVM_app3/run_dir/vw_wd_g2u_test.sv(89) @ 0.00 ns: go2uvm_test [go2uvm_test] Driving signal: a
# KERNEL: UVM_INFO /home/student/Manasa1/GO2UVM/VW_Waves_2_UVM_app3/run_dir/vw_wd_g2u_test.sv(116) @ 0.00 ns: go2uvm_test [go2uvm_test] Driving signal: b
# KERNEL: Error: Assertion 'a1' FAILED at time: 65ns (7 clk), ../dut_src/simple_protocol.sv(41), scope: vw_wd_g2u_top.sprot_0, start-time: 55ns (6 clk)
# KERNEL: UVM_ERROR /home/student/Manasa1/GO2UVM/VW_Waves_2_UVM_app3/dut_src/simple_protocol.sv(42) @ 65.00 ns: reporter [Go2UVM] Protocol Violation, start |=> a ##1 b violated
# KERNEL: UVM_INFO /home/student/Manasa1/GO2UVM/VW_Waves_2_UVM_app3/run_dir/vw_wd_g2u_test.sv(58) @ 105.00 ns: uvm_test_top [uvm_test_top] End of stimulus for signal: rst_n
# KERNEL: UVM_INFO /home/student/Manasa1/GO2UVM/VW_Waves_2_UVM_app3/run_dir/vw_wd_g2u_test.sv(85) @ 105.00 ns: uvm_test_top [uvm_test_top] End of stimulus for signal: start
# KERNEL: UVM_INFO /home/student/Manasa1/GO2UVM/VW_Waves_2_UVM_app3/run_dir/vw_wd_g2u_test.sv(112) @ 105.00 ns: uvm_test_top [uvm_test_top] End of stimulus for signal: a
# KERNEL: UVM_INFO /home/student/Manasa1/GO2UVM/VW_Waves_2_UVM_app3/run_dir/vw_wd_g2u_test.sv(139) @ 105.00 ns: uvm_test_top [uvm_test_top] End of stimulus for signal: b
# KERNEL: UVM_INFO /home/student/Manasa1/GO2UVM/VW_Waves_2_UVM_app3/run_dir/vw_wd_g2u_test.sv(153) @ 105.00 ns: uvm_test_top [uvm_test_top] End of main
# KERNEL: UVM_INFO @ 105.00 ns: uvm_test_top [uvm_test_top] End of stimulus
# KERNEL: UVM_INFO /home/student/Manasa1/GO2UVM/VW_Waves_2_UVM_app3/run_dir/vw_wd_g2u_test.sv(58) @ 105.00 ns: go2uvm_test [go2uvm_test] End of stimulus for signal: rst_n
# KERNEL: UVM_INFO /home/student/Manasa1/GO2UVM/VW_Waves_2_UVM_app3/run_dir/vw_wd_g2u_test.sv(85) @ 105.00 ns: go2uvm_test [go2uvm_test] End of stimulus for signal: start
# KERNEL: UVM_INFO /home/student/Manasa1/GO2UVM/VW_Waves_2_UVM_app3/run_dir/vw_wd_g2u_test.sv(112) @ 105.00 ns: go2uvm_test [go2uvm_test] End of stimulus for signal: a
# KERNEL: UVM_INFO /home/student/Manasa1/GO2UVM/VW_Waves_2_UVM_app3/run_dir/vw_wd_g2u_test.sv(139) @ 105.00 ns: go2uvm_test [go2uvm_test] End of stimulus for signal: b
# KERNEL: UVM_INFO /home/student/Manasa1/GO2UVM/VW_Waves_2_UVM_app3/run_dir/vw_wd_g2u_test.sv(153) @ 105.00 ns: go2uvm_test [go2uvm_test] End of main
# KERNEL: UVM_INFO @ 105.00 ns: go2uvm_test [go2uvm_test] End of stimulus
# KERNEL: [1;31m
# KERNEL: Test FAILED with 1 error(s), look for UVM_ERROR in log file: vw_go2uvm_run.log
# KERNEL: **** If these are expected errors, use go2uvm_log_predictor APIs ***
# KERNEL: [0m
# KERNEL: UVM_INFO @ 105.00 ns: go2uvm_test [go2uvm_test] Thanks for using VerifWorks's Go2UVM Package, provide your feedback at http://www.verifworks.com
# KERNEL: [1;31m
# KERNEL: Test FAILED with 1 error(s), look for UVM_ERROR in log file: vw_go2uvm_run.log
# KERNEL: **** If these are expected errors, use go2uvm_log_predictor APIs ***
# KERNEL: [0m
# KERNEL: UVM_INFO @ 105.00 ns: uvm_test_top [uvm_test_top] Thanks for using VerifWorks's Go2UVM Package, provide your feedback at http://www.verifworks.com
# KERNEL: 
# KERNEL: --- UVM Report Summary ---
# KERNEL: 
# KERNEL: ** Report counts by severity
# KERNEL: UVM_INFO :   35
# KERNEL: UVM_WARNING :    0
# KERNEL: UVM_ERROR :    1
# KERNEL: UVM_FATAL :    0
# KERNEL: ** Report counts by id
# KERNEL: [Go2UVM]     1
# KERNEL: [RNTST]     1
# KERNEL: [go2uvm_test]    17
# KERNEL: [uvm_test_top]    17
# RUNTIME: Info: RUNTIME_0068 uvm_root.svh (433): $finish called.
# KERNEL: Time: 105 ns,  Iteration: 67,  Instance: /vw_wd_g2u_top,  Process: @INITIAL#go2uvm_test@.
# KERNEL: stopped at time: 105 ns
# VSIM: Simulation has finished. There are no more test vectors to simulate.
exit 
# VSIM: Simulation has finished.
